# JRE version: Java(TM) SE Runtime Environment (8.0_171-b11) (build 1.8.0_171-b11)
# Java VM: Java HotSpot(TM) 64-Bit Server VM (25.171-b11 mixed mode windows-amd64 compressed oops)
Heap:
 PSYoungGen      total 252416K, used 25563K [0x000000076b600000, 0x000000077f380000, 0x00000007c0000000)
  eden space 238592K, 4% used [0x000000076b600000,0x000000076c179560,0x0000000779f00000)
  from space 13824K, 99% used [0x0000000779f00000,0x000000077ac7d9d0,0x000000077ac80000)
  to   space 15872K, 0% used [0x000000077e400000,0x000000077e400000,0x000000077f380000)
 ParOldGen       total 149504K, used 19911K [0x00000006c2200000, 0x00000006cb400000, 0x000000076b600000)
  object space 149504K, 13% used [0x00000006c2200000,0x00000006c3571fe0,0x00000006cb400000)
 Metaspace       used 48894K, capacity 50836K, committed 50984K, reserved 1093632K
  class space    used 6249K, capacity 6582K, committed 6696K, reserved 1048576K
GC Heap History (10 events):
Event: 3.738 GC heap before
{Heap before GC invocations=7 (full 1):
 PSYoungGen      total 136704K, used 102199K [0x000000076b600000, 0x0000000776f80000, 0x00000007c0000000)
  eden space 125952K, 72% used [0x000000076b600000,0x0000000770f8ae78,0x0000000773100000)
  from space 10752K, 97% used [0x0000000773100000,0x0000000773b42f40,0x0000000773b80000)
  to   space 11776K, 0% used [0x0000000776400000,0x0000000776400000,0x0000000776f80000)
 ParOldGen       total 95232K, used 7162K [0x00000006c2200000, 0x00000006c7f00000, 0x000000076b600000)
  object space 95232K, 7% used [0x00000006c2200000,0x00000006c28febd8,0x00000006c7f00000)
 Metaspace       used 34296K, capacity 35368K, committed 35496K, reserved 1079296K
  class space    used 4421K, capacity 4666K, committed 4776K, reserved 1048576K
Event: 3.747 GC heap after
Heap after GC invocations=7 (full 1):
 PSYoungGen      total 175616K, used 11766K [0x000000076b600000, 0x0000000778f80000, 0x00000007c0000000)
  eden space 163840K, 0% used [0x000000076b600000,0x000000076b600000,0x0000000775600000)
  from space 11776K, 99% used [0x0000000776400000,0x0000000776f7d890,0x0000000776f80000)
  to   space 14336K, 0% used [0x0000000775600000,0x0000000775600000,0x0000000776400000)
 ParOldGen       total 95232K, used 8839K [0x00000006c2200000, 0x00000006c7f00000, 0x000000076b600000)
  object space 95232K, 9% used [0x00000006c2200000,0x00000006c2aa1ea0,0x00000006c7f00000)
 Metaspace       used 34296K, capacity 35368K, committed 35496K, reserved 1079296K
  class space    used 4421K, capacity 4666K, committed 4776K, reserved 1048576K
}
Event: 3.748 GC heap before
{Heap before GC invocations=8 (full 2):
 PSYoungGen      total 175616K, used 11766K [0x000000076b600000, 0x0000000778f80000, 0x00000007c0000000)
  eden space 163840K, 0% used [0x000000076b600000,0x000000076b600000,0x0000000775600000)
  from space 11776K, 99% used [0x0000000776400000,0x0000000776f7d890,0x0000000776f80000)
  to   space 14336K, 0% used [0x0000000775600000,0x0000000775600000,0x0000000776400000)
 ParOldGen       total 95232K, used 8839K [0x00000006c2200000, 0x00000006c7f00000, 0x000000076b600000)
  object space 95232K, 9% used [0x00000006c2200000,0x00000006c2aa1ea0,0x00000006c7f00000)
 Metaspace       used 34296K, capacity 35368K, committed 35496K, reserved 1079296K
  class space    used 4421K, capacity 4666K, committed 4776K, reserved 1048576K
Event: 3.784 GC heap after
Heap after GC invocations=8 (full 2):
 PSYoungGen      total 175616K, used 0K [0x000000076b600000, 0x0000000778f80000, 0x00000007c0000000)
  eden space 163840K, 0% used [0x000000076b600000,0x000000076b600000,0x0000000775600000)
  from space 11776K, 0% used [0x0000000776400000,0x0000000776400000,0x0000000776f80000)
  to   space 14336K, 0% used [0x0000000775600000,0x0000000775600000,0x0000000776400000)
 ParOldGen       total 149504K, used 18329K [0x00000006c2200000, 0x00000006cb400000, 0x000000076b600000)
  object space 149504K, 12% used [0x00000006c2200000,0x00000006c33e67d0,0x00000006cb400000)
 Metaspace       used 34296K, capacity 35368K, committed 35496K, reserved 1079296K
  class space    used 4421K, capacity 4666K, committed 4776K, reserved 1048576K
}
Event: 4.347 GC heap before
{Heap before GC invocations=9 (full 2):
 PSYoungGen      total 175616K, used 163840K [0x000000076b600000, 0x0000000778f80000, 0x00000007c0000000)
  eden space 163840K, 100% used [0x000000076b600000,0x0000000775600000,0x0000000775600000)
  from space 11776K, 0% used [0x0000000776400000,0x0000000776400000,0x0000000776f80000)
  to   space 14336K, 0% used [0x0000000775600000,0x0000000775600000,0x0000000776400000)
 ParOldGen       total 149504K, used 18329K [0x00000006c2200000, 0x00000006cb400000, 0x000000076b600000)
  object space 149504K, 12% used [0x00000006c2200000,0x00000006c33e67d0,0x00000006cb400000)
 Metaspace       used 39626K, capacity 40836K, committed 41128K, reserved 1085440K
  class space    used 5001K, capacity 5260K, committed 5288K, reserved 1048576K
Event: 4.351 GC heap after
Heap after GC invocations=9 (full 2):
 PSYoungGen      total 178176K, used 5769K [0x000000076b600000, 0x000000077bf00000, 0x00000007c0000000)
  eden space 163840K, 0% used [0x000000076b600000,0x000000076b600000,0x0000000775600000)
  from space 14336K, 40% used [0x0000000775600000,0x0000000775ba2720,0x0000000776400000)
  to   space 14336K, 0% used [0x000000077b100000,0x000000077b100000,0x000000077bf00000)
 ParOldGen       total 149504K, used 18337K [0x00000006c2200000, 0x00000006cb400000, 0x000000076b600000)
  object space 149504K, 12% used [0x00000006c2200000,0x00000006c33e87d0,0x00000006cb400000)
 Metaspace       used 39626K, capacity 40836K, committed 41128K, reserved 1085440K
  class space    used 5001K, capacity 5260K, committed 5288K, reserved 1048576K
}
Event: 5.106 GC heap before
{Heap before GC invocations=10 (full 2):
 PSYoungGen      total 178176K, used 169609K [0x000000076b600000, 0x000000077bf00000, 0x00000007c0000000)
  eden space 163840K, 100% used [0x000000076b600000,0x0000000775600000,0x0000000775600000)
  from space 14336K, 40% used [0x0000000775600000,0x0000000775ba2720,0x0000000776400000)
  to   space 14336K, 0% used [0x000000077b100000,0x000000077b100000,0x000000077bf00000)
 ParOldGen       total 149504K, used 18337K [0x00000006c2200000, 0x00000006cb400000, 0x000000076b600000)
  object space 149504K, 12% used [0x00000006c2200000,0x00000006c33e87d0,0x00000006cb400000)
 Metaspace       used 42851K, capacity 44428K, committed 44712K, reserved 1087488K
  class space    used 5394K, capacity 5682K, committed 5800K, reserved 1048576K
Event: 5.113 GC heap after
Heap after GC invocations=10 (full 2):
 PSYoungGen      total 246784K, used 9172K [0x000000076b600000, 0x000000077ba00000, 0x00000007c0000000)
  eden space 237568K, 0% used [0x000000076b600000,0x000000076b600000,0x0000000779e00000)
  from space 9216K, 99% used [0x000000077b100000,0x000000077b9f5190,0x000000077ba00000)
  to   space 13824K, 0% used [0x0000000779f00000,0x0000000779f00000,0x000000077ac80000)
 ParOldGen       total 149504K, used 18345K [0x00000006c2200000, 0x00000006cb400000, 0x000000076b600000)
  object space 149504K, 12% used [0x00000006c2200000,0x00000006c33ea7d0,0x00000006cb400000)
 Metaspace       used 42851K, capacity 44428K, committed 44712K, reserved 1087488K
  class space    used 5394K, capacity 5682K, committed 5800K, reserved 1048576K
}
Event: 9.692 GC heap before
{Heap before GC invocations=11 (full 2):
 PSYoungGen      total 246784K, used 246740K [0x000000076b600000, 0x000000077ba00000, 0x00000007c0000000)
  eden space 237568K, 100% used [0x000000076b600000,0x0000000779e00000,0x0000000779e00000)
  from space 9216K, 99% used [0x000000077b100000,0x000000077b9f5190,0x000000077ba00000)
  to   space 13824K, 0% used [0x0000000779f00000,0x0000000779f00000,0x000000077ac80000)
 ParOldGen       total 149504K, used 18345K [0x00000006c2200000, 0x00000006cb400000, 0x000000076b600000)
  object space 149504K, 12% used [0x00000006c2200000,0x00000006c33ea7d0,0x00000006cb400000)
 Metaspace       used 48860K, capacity 50760K, committed 50984K, reserved 1093632K
  class space    used 6244K, capacity 6580K, committed 6696K, reserved 1048576K
Event: 9.701 GC heap after
Heap after GC invocations=11 (full 2):
 PSYoungGen      total 252416K, used 13814K [0x000000076b600000, 0x000000077f380000, 0x00000007c0000000)
  eden space 238592K, 0% used [0x000000076b600000,0x000000076b600000,0x0000000779f00000)
  from space 13824K, 99% used [0x0000000779f00000,0x000000077ac7d9d0,0x000000077ac80000)
  to   space 15872K, 0% used [0x000000077e400000,0x000000077e400000,0x000000077f380000)
 ParOldGen       total 149504K, used 19911K [0x00000006c2200000, 0x00000006cb400000, 0x000000076b600000)
  object space 149504K, 13% used [0x00000006c2200000,0x00000006c3571fe0,0x00000006cb400000)
 Metaspace       used 48860K, capacity 50760K, committed 50984K, reserved 1093632K
  class space    used 6244K, capacity 6580K, committed 6696K, reserved 1048576K
}

