# JRE version: Java(TM) SE Runtime Environment (8.0_171-b11) (build 1.8.0_171-b11)
# Java VM: Java HotSpot(TM) 64-Bit Server VM (25.171-b11 mixed mode windows-amd64 compressed oops)
Heap:
 PSYoungGen      total 194560K, used 18539K [0x00000000d6100000, 0x00000000e5b80000, 0x0000000100000000)
  eden space 183296K, 4% used [0x00000000d6100000,0x00000000d68a7c60,0x00000000e1400000)
  from space 11264K, 94% used [0x00000000e1400000,0x00000000e1e73168,0x00000000e1f00000)
  to   space 12288K, 0% used [0x00000000e4f80000,0x00000000e4f80000,0x00000000e5b80000)
 ParOldGen       total 76800K, used 27881K [0x0000000082200000, 0x0000000086d00000, 0x00000000d6100000)
  object space 76800K, 36% used [0x0000000082200000,0x0000000083d3a518,0x0000000086d00000)
 Metaspace       used 53274K, capacity 55166K, committed 55296K, reserved 1097728K
  class space    used 6836K, capacity 7167K, committed 7168K, reserved 1048576K
GC Heap History (10 events):
Event: 9.136 GC heap before
{Heap before GC invocations=11 (full 2):
 PSYoungGen      total 115712K, used 9196K [0x00000000d6100000, 0x00000000e0f00000, 0x0000000100000000)
  eden space 106496K, 0% used [0x00000000d6100000,0x00000000d6100000,0x00000000dc900000)
  from space 9216K, 99% used [0x00000000dc900000,0x00000000dd1fb130,0x00000000dd200000)
  to   space 11776K, 0% used [0x00000000e0380000,0x00000000e0380000,0x00000000e0f00000)
 ParOldGen       total 49664K, used 10423K [0x0000000082200000, 0x0000000085280000, 0x00000000d6100000)
  object space 49664K, 20% used [0x0000000082200000,0x0000000082c2df90,0x0000000085280000)
 Metaspace       used 34249K, capacity 35332K, committed 35416K, reserved 1081344K
  class space    used 4329K, capacity 4572K, committed 4608K, reserved 1048576K
Event: 9.220 GC heap after
Heap after GC invocations=11 (full 2):
 PSYoungGen      total 115712K, used 0K [0x00000000d6100000, 0x00000000e0f00000, 0x0000000100000000)
  eden space 106496K, 0% used [0x00000000d6100000,0x00000000d6100000,0x00000000dc900000)
  from space 9216K, 0% used [0x00000000dc900000,0x00000000dc900000,0x00000000dd200000)
  to   space 11776K, 0% used [0x00000000e0380000,0x00000000e0380000,0x00000000e0f00000)
 ParOldGen       total 76800K, used 16996K [0x0000000082200000, 0x0000000086d00000, 0x00000000d6100000)
  object space 76800K, 22% used [0x0000000082200000,0x0000000083299398,0x0000000086d00000)
 Metaspace       used 34249K, capacity 35332K, committed 35416K, reserved 1081344K
  class space    used 4329K, capacity 4572K, committed 4608K, reserved 1048576K
}
Event: 9.879 GC heap before
{Heap before GC invocations=12 (full 2):
 PSYoungGen      total 115712K, used 106496K [0x00000000d6100000, 0x00000000e0f00000, 0x0000000100000000)
  eden space 106496K, 100% used [0x00000000d6100000,0x00000000dc900000,0x00000000dc900000)
  from space 9216K, 0% used [0x00000000dc900000,0x00000000dc900000,0x00000000dd200000)
  to   space 11776K, 0% used [0x00000000e0380000,0x00000000e0380000,0x00000000e0f00000)
 ParOldGen       total 76800K, used 16996K [0x0000000082200000, 0x0000000086d00000, 0x00000000d6100000)
  object space 76800K, 22% used [0x0000000082200000,0x0000000083299398,0x0000000086d00000)
 Metaspace       used 38214K, capacity 39364K, committed 39680K, reserved 1083392K
  class space    used 4806K, capacity 5058K, committed 5120K, reserved 1048576K
Event: 9.883 GC heap after
Heap after GC invocations=12 (full 2):
 PSYoungGen      total 144384K, used 3970K [0x00000000d6100000, 0x00000000e0780000, 0x0000000100000000)
  eden space 140288K, 0% used [0x00000000d6100000,0x00000000d6100000,0x00000000dea00000)
  from space 4096K, 96% used [0x00000000e0380000,0x00000000e0760830,0x00000000e0780000)
  to   space 11776K, 0% used [0x00000000df080000,0x00000000df080000,0x00000000dfc00000)
 ParOldGen       total 76800K, used 17004K [0x0000000082200000, 0x0000000086d00000, 0x00000000d6100000)
  object space 76800K, 22% used [0x0000000082200000,0x000000008329b398,0x0000000086d00000)
 Metaspace       used 38214K, capacity 39364K, committed 39680K, reserved 1083392K
  class space    used 4806K, capacity 5058K, committed 5120K, reserved 1048576K
}
Event: 11.656 GC heap before
{Heap before GC invocations=13 (full 2):
 PSYoungGen      total 144384K, used 144258K [0x00000000d6100000, 0x00000000e0780000, 0x0000000100000000)
  eden space 140288K, 100% used [0x00000000d6100000,0x00000000dea00000,0x00000000dea00000)
  from space 4096K, 96% used [0x00000000e0380000,0x00000000e0760830,0x00000000e0780000)
  to   space 11776K, 0% used [0x00000000df080000,0x00000000df080000,0x00000000dfc00000)
 ParOldGen       total 76800K, used 17004K [0x0000000082200000, 0x0000000086d00000, 0x00000000d6100000)
  object space 76800K, 22% used [0x0000000082200000,0x000000008329b398,0x0000000086d00000)
 Metaspace       used 42737K, capacity 44322K, committed 44672K, reserved 1087488K
  class space    used 5332K, capacity 5635K, committed 5760K, reserved 1048576K
Event: 11.674 GC heap after
Heap after GC invocations=13 (full 2):
 PSYoungGen      total 158720K, used 7341K [0x00000000d6100000, 0x00000000e2a80000, 0x0000000100000000)
  eden space 146944K, 0% used [0x00000000d6100000,0x00000000d6100000,0x00000000df080000)
  from space 11776K, 62% used [0x00000000df080000,0x00000000df7ab7b8,0x00000000dfc00000)
  to   space 11776K, 0% used [0x00000000e1f00000,0x00000000e1f00000,0x00000000e2a80000)
 ParOldGen       total 76800K, used 18914K [0x0000000082200000, 0x0000000086d00000, 0x00000000d6100000)
  object space 76800K, 24% used [0x0000000082200000,0x0000000083478b78,0x0000000086d00000)
 Metaspace       used 42737K, capacity 44322K, committed 44672K, reserved 1087488K
  class space    used 5332K, capacity 5635K, committed 5760K, reserved 1048576K
}
Event: 13.306 GC heap before
{Heap before GC invocations=14 (full 2):
 PSYoungGen      total 158720K, used 154285K [0x00000000d6100000, 0x00000000e2a80000, 0x0000000100000000)
  eden space 146944K, 100% used [0x00000000d6100000,0x00000000df080000,0x00000000df080000)
  from space 11776K, 62% used [0x00000000df080000,0x00000000df7ab7b8,0x00000000dfc00000)
  to   space 11776K, 0% used [0x00000000e1f00000,0x00000000e1f00000,0x00000000e2a80000)
 ParOldGen       total 76800K, used 18914K [0x0000000082200000, 0x0000000086d00000, 0x00000000d6100000)
  object space 76800K, 24% used [0x0000000082200000,0x0000000083478b78,0x0000000086d00000)
 Metaspace       used 45009K, capacity 46832K, committed 46976K, reserved 1089536K
  class space    used 5633K, capacity 5950K, committed 6016K, reserved 1048576K
Event: 13.325 GC heap after
Heap after GC invocations=14 (full 2):
 PSYoungGen      total 195072K, used 7036K [0x00000000d6100000, 0x00000000e3180000, 0x0000000100000000)
  eden space 183296K, 0% used [0x00000000d6100000,0x00000000d6100000,0x00000000e1400000)
  from space 11776K, 59% used [0x00000000e1f00000,0x00000000e25df3d0,0x00000000e2a80000)
  to   space 11264K, 0% used [0x00000000e1400000,0x00000000e1400000,0x00000000e1f00000)
 ParOldGen       total 76800K, used 23910K [0x0000000082200000, 0x0000000086d00000, 0x00000000d6100000)
  object space 76800K, 31% used [0x0000000082200000,0x0000000083959ba8,0x0000000086d00000)
 Metaspace       used 45009K, capacity 46832K, committed 46976K, reserved 1089536K
  class space    used 5633K, capacity 5950K, committed 6016K, reserved 1048576K
}
Event: 19.935 GC heap before
{Heap before GC invocations=15 (full 2):
 PSYoungGen      total 195072K, used 190332K [0x00000000d6100000, 0x00000000e3180000, 0x0000000100000000)
  eden space 183296K, 100% used [0x00000000d6100000,0x00000000e1400000,0x00000000e1400000)
  from space 11776K, 59% used [0x00000000e1f00000,0x00000000e25df3d0,0x00000000e2a80000)
  to   space 11264K, 0% used [0x00000000e1400000,0x00000000e1400000,0x00000000e1f00000)
 ParOldGen       total 76800K, used 23910K [0x0000000082200000, 0x0000000086d00000, 0x00000000d6100000)
  object space 76800K, 31% used [0x0000000082200000,0x0000000083959ba8,0x0000000086d00000)
 Metaspace       used 53245K, capacity 55166K, committed 55296K, reserved 1097728K
  class space    used 6833K, capacity 7167K, committed 7168K, reserved 1048576K
Event: 19.955 GC heap after
Heap after GC invocations=15 (full 2):
 PSYoungGen      total 194560K, used 10700K [0x00000000d6100000, 0x00000000e5b80000, 0x0000000100000000)
  eden space 183296K, 0% used [0x00000000d6100000,0x00000000d6100000,0x00000000e1400000)
  from space 11264K, 94% used [0x00000000e1400000,0x00000000e1e73168,0x00000000e1f00000)
  to   space 12288K, 0% used [0x00000000e4f80000,0x00000000e4f80000,0x00000000e5b80000)
 ParOldGen       total 76800K, used 27881K [0x0000000082200000, 0x0000000086d00000, 0x00000000d6100000)
  object space 76800K, 36% used [0x0000000082200000,0x0000000083d3a518,0x0000000086d00000)
 Metaspace       used 53245K, capacity 55166K, committed 55296K, reserved 1097728K
  class space    used 6833K, capacity 7167K, committed 7168K, reserved 1048576K
}

